# JRE version: OpenJDK Runtime Environment (11.0.3+7) (build 11.0.3+7-Ubuntu-1ubuntu218.04.1)
# Java VM: OpenJDK 64-Bit Server VM (11.0.3+7-Ubuntu-1ubuntu218.04.1, mixed mode, sharing, tiered, compressed oops, g1 gc, linux-amd64)
Heap:
 garbage-first heap   total 131072K, used 22635K [0x00000000e0000000, 0x0000000100000000)
  region size 1024K, 3 young (3072K), 2 survivors (2048K)
 Metaspace       used 22086K, capacity 22916K, committed 23216K, reserved 1069056K
  class space    used 2615K, capacity 2919K, committed 2992K, reserved 1048576K
GC Heap History (10 events):
Event: 0.410 GC heap before
{Heap before GC invocations=0 (full 0):
 garbage-first heap   total 131072K, used 24188K [0x00000000e0000000, 0x0000000100000000)
  region size 1024K, 24 young (24576K), 0 survivors (0K)
 Metaspace       used 6313K, capacity 7578K, committed 7680K, reserved 1056768K
  class space    used 827K, capacity 943K, committed 1024K, reserved 1048576K
}
Event: 0.417 GC heap after
{Heap after GC invocations=1 (full 0):
 garbage-first heap   total 131072K, used 5017K [0x00000000e0000000, 0x0000000100000000)
  region size 1024K, 3 young (3072K), 3 survivors (3072K)
 Metaspace       used 6313K, capacity 7578K, committed 7680K, reserved 1056768K
  class space    used 827K, capacity 943K, committed 1024K, reserved 1048576K
}
Event: 2.851 GC heap before
{Heap before GC invocations=1 (full 0):
 garbage-first heap   total 131072K, used 78745K [0x00000000e0000000, 0x0000000100000000)
  region size 1024K, 75 young (76800K), 3 survivors (3072K)
 Metaspace       used 20212K, capacity 21067K, committed 21248K, reserved 1067008K
  class space    used 2483K, capacity 2815K, committed 2816K, reserved 1048576K
}
Event: 2.858 GC heap after
{Heap after GC invocations=2 (full 0):
 garbage-first heap   total 131072K, used 20776K [0x00000000e0000000, 0x0000000100000000)
  region size 1024K, 10 young (10240K), 10 survivors (10240K)
 Metaspace       used 20212K, capacity 21067K, committed 21248K, reserved 1067008K
  class space    used 2483K, capacity 2815K, committed 2816K, reserved 1048576K
}
Event: 3.107 GC heap before
{Heap before GC invocations=2 (full 0):
 garbage-first heap   total 131072K, used 23848K [0x00000000e0000000, 0x0000000100000000)
  region size 1024K, 13 young (13312K), 10 survivors (10240K)
 Metaspace       used 20396K, capacity 21199K, committed 21296K, reserved 1067008K
  class space    used 2503K, capacity 2817K, committed 2864K, reserved 1048576K
}
Event: 3.113 GC heap after
{Heap after GC invocations=3 (full 0):
 garbage-first heap   total 131072K, used 21847K [0x00000000e0000000, 0x0000000100000000)
  region size 1024K, 1 young (1024K), 1 survivors (1024K)
 Metaspace       used 20396K, capacity 21199K, committed 21296K, reserved 1067008K
  class space    used 2503K, capacity 2817K, committed 2864K, reserved 1048576K
}
Event: 3.163 GC heap before
{Heap before GC invocations=3 (full 0):
 garbage-first heap   total 131072K, used 23895K [0x00000000e0000000, 0x0000000100000000)
  region size 1024K, 4 young (4096K), 1 survivors (1024K)
 Metaspace       used 20442K, capacity 21199K, committed 21296K, reserved 1067008K
  class space    used 2507K, capacity 2817K, committed 2864K, reserved 1048576K
}
Event: 3.165 GC heap after
{Heap after GC invocations=4 (full 0):
 garbage-first heap   total 131072K, used 21303K [0x00000000e0000000, 0x0000000100000000)
  region size 1024K, 1 young (1024K), 1 survivors (1024K)
 Metaspace       used 20442K, capacity 21199K, committed 21296K, reserved 1067008K
  class space    used 2507K, capacity 2817K, committed 2864K, reserved 1048576K
}
Event: 6.023 GC heap before
{Heap before GC invocations=5 (full 0):
 garbage-first heap   total 131072K, used 64311K [0x00000000e0000000, 0x0000000100000000)
  region size 1024K, 43 young (44032K), 1 survivors (1024K)
 Metaspace       used 22074K, capacity 22852K, committed 23216K, reserved 1069056K
  class space    used 2613K, capacity 2919K, committed 2992K, reserved 1048576K
}
Event: 6.028 GC heap after
{Heap after GC invocations=6 (full 0):
 garbage-first heap   total 131072K, used 22635K [0x00000000e0000000, 0x0000000100000000)
  region size 1024K, 2 young (2048K), 2 survivors (2048K)
 Metaspace       used 22074K, capacity 22852K, committed 23216K, reserved 1069056K
  class space    used 2613K, capacity 2919K, committed 2992K, reserved 1048576K
}

