# JRE version: OpenJDK Runtime Environment (11.0.3+7) (build 11.0.3+7-Ubuntu-1ubuntu218.04.1)
# Java VM: OpenJDK 64-Bit Server VM (11.0.3+7-Ubuntu-1ubuntu218.04.1, mixed mode, sharing, tiered, compressed oops, g1 gc, linux-amd64)
Heap:
 garbage-first heap   total 131072K, used 22765K [0x00000000e0000000, 0x0000000100000000)
  region size 1024K, 5 young (5120K), 2 survivors (2048K)
 Metaspace       used 20212K, capacity 21218K, committed 21552K, reserved 1069056K
  class space    used 2471K, capacity 2873K, committed 2944K, reserved 1048576K
GC Heap History (8 events):
Event: 0.479 GC heap before
{Heap before GC invocations=0 (full 0):
 garbage-first heap   total 131072K, used 24188K [0x00000000e0000000, 0x0000000100000000)
  region size 1024K, 24 young (24576K), 0 survivors (0K)
 Metaspace       used 6840K, capacity 8448K, committed 8704K, reserved 1056768K
  class space    used 935K, capacity 1180K, committed 1280K, reserved 1048576K
}
Event: 0.486 GC heap after
{Heap after GC invocations=1 (full 0):
 garbage-first heap   total 131072K, used 4122K [0x00000000e0000000, 0x0000000100000000)
  region size 1024K, 3 young (3072K), 3 survivors (3072K)
 Metaspace       used 6840K, capacity 8448K, committed 8704K, reserved 1056768K
  class space    used 935K, capacity 1180K, committed 1280K, reserved 1048576K
}
Event: 3.115 GC heap before
{Heap before GC invocations=1 (full 0):
 garbage-first heap   total 131072K, used 77850K [0x00000000e0000000, 0x0000000100000000)
  region size 1024K, 75 young (76800K), 3 survivors (3072K)
 Metaspace       used 18401K, capacity 19303K, committed 19712K, reserved 1067008K
  class space    used 2345K, capacity 2747K, committed 2816K, reserved 1048576K
}
Event: 3.121 GC heap after
{Heap after GC invocations=2 (full 0):
 garbage-first heap   total 131072K, used 19112K [0x00000000e0000000, 0x0000000100000000)
  region size 1024K, 10 young (10240K), 10 survivors (10240K)
 Metaspace       used 18401K, capacity 19303K, committed 19712K, reserved 1067008K
  class space    used 2345K, capacity 2747K, committed 2816K, reserved 1048576K
}
Event: 3.335 GC heap before
{Heap before GC invocations=2 (full 0):
 garbage-first heap   total 131072K, used 39592K [0x00000000e0000000, 0x0000000100000000)
  region size 1024K, 30 young (30720K), 10 survivors (10240K)
 Metaspace       used 18489K, capacity 19498K, committed 19712K, reserved 1067008K
  class space    used 2353K, capacity 2748K, committed 2816K, reserved 1048576K
}
Event: 3.340 GC heap after
{Heap after GC invocations=3 (full 0):
 garbage-first heap   total 131072K, used 19832K [0x00000000e0000000, 0x0000000100000000)
  region size 1024K, 1 young (1024K), 1 survivors (1024K)
 Metaspace       used 18489K, capacity 19498K, committed 19712K, reserved 1067008K
  class space    used 2353K, capacity 2748K, committed 2816K, reserved 1048576K
}
Event: 4.937 GC heap before
{Heap before GC invocations=3 (full 0):
 garbage-first heap   total 131072K, used 38264K [0x00000000e0000000, 0x0000000100000000)
  region size 1024K, 20 young (20480K), 1 survivors (1024K)
 Metaspace       used 20144K, capacity 21144K, committed 21296K, reserved 1067008K
  class space    used 2460K, capacity 2869K, committed 2944K, reserved 1048576K
}
Event: 4.939 GC heap after
{Heap after GC invocations=4 (full 0):
 garbage-first heap   total 131072K, used 20717K [0x00000000e0000000, 0x0000000100000000)
  region size 1024K, 2 young (2048K), 2 survivors (2048K)
 Metaspace       used 20144K, capacity 21144K, committed 21296K, reserved 1067008K
  class space    used 2460K, capacity 2869K, committed 2944K, reserved 1048576K
}

